<?xml version="1.0" encoding="UTF-8"?>
<!-- Generated by org.testng.reporters.JUnitReportReporter -->
<testsuite hostname="NODE684" failures="0" tests="1" name="Dummy.Maven.AppiumTest" time="0.020" errors="0" timestamp="2021-05-17T17:09:45 IST" skipped="0">
  <testcase classname="Dummy.Maven.AppiumTest" name="appiumTest" time="0.020"/>
  <system-out/>
</testsuite> <!-- Dummy.Maven.AppiumTest -->
