<?xml version="1.0" encoding="UTF-8"?>
<!-- Generated by org.testng.reporters.JUnitReportReporter -->
<testsuite hostname="NODE684" failures="0" tests="2" name="Dummy.Maven.SeleniumTest" time="0.001" errors="0" timestamp="2021-05-28T19:22:06 IST" skipped="0">
  <testcase classname="Dummy.Maven.SeleniumTest" name="seleniumTest" time="0.001"/>
  <system-out/>
  <testcase classname="Dummy.Maven.SeleniumTest" name="xpathTest" time="0.000"/>
  <system-out/>
</testsuite> <!-- Dummy.Maven.SeleniumTest -->
