<?xml version="1.0" encoding="UTF-8"?>
<!-- Generated by org.testng.reporters.JUnitReportReporter -->
<testsuite hostname="NODE684" failures="0" tests="1" name="Dummy.Maven.AppiumTest" time="0.010" errors="0" timestamp="2021-05-28T19:22:06 IST" skipped="0">
  <testcase classname="Dummy.Maven.AppiumTest" name="appiumTest" time="0.010"/>
  <system-out/>
</testsuite> <!-- Dummy.Maven.AppiumTest -->
