<?xml version="1.0" encoding="UTF-8"?>
<!-- Generated by org.testng.reporters.JUnitReportReporter -->
<testsuite hostname="NODE684" failures="0" tests="2" name="Dummy.Maven.RestAssuredTest" time="0.000" errors="0" timestamp="2021-05-28T19:22:06 IST" skipped="0">
  <testcase classname="Dummy.Maven.RestAssuredTest" name="restAssuredTest" time="0.000"/>
  <system-out/>
  <testcase classname="Dummy.Maven.RestAssuredTest" name="apiTest" time="0.000"/>
  <system-out/>
</testsuite> <!-- Dummy.Maven.RestAssuredTest -->
